2026-01-16 14:50:42,401 - __main__ - INFO - === V5 Step 2: PAU Extraction ===
2026-01-16 14:50:42,402 - __main__ - INFO - Step 1: Preprocessing...
2026-01-16 14:50:42,434 - __main__ - INFO - Prepared 196 text blocks
2026-01-16 14:50:42,434 - __main__ - INFO - Step 2: Extracting PAUs...
2026-01-16 14:50:42,436 - v5.step2_pau_extraction.extractor - INFO - Starting PAU extraction for 196 blocks
2026-01-16 14:50:42,436 - v5.step2_pau_extraction.extractor - INFO - Processing batch 1 (1-10)
2026-01-16 14:51:27,216 - v5.step2_pau_extraction.extractor - INFO - Processing batch 2 (11-20)
2026-01-16 14:52:28,055 - v5.step2_pau_extraction.extractor - INFO - Processing batch 3 (21-30)
2026-01-16 14:53:28,094 - v5.step2_pau_extraction.extractor - INFO - Processing batch 4 (31-40)
2026-01-16 14:54:03,945 - v5.step2_pau_extraction.extractor - INFO - Processing batch 5 (41-50)
2026-01-16 14:54:29,158 - v5.step2_pau_extraction.extractor - INFO - Processing batch 6 (51-60)
2026-01-16 14:54:56,060 - v5.step2_pau_extraction.extractor - INFO - Processing batch 7 (61-70)
2026-01-16 14:55:26,297 - v5.step2_pau_extraction.extractor - INFO - Processing batch 8 (71-80)
2026-01-16 14:55:40,759 - v5.step2_pau_extraction.extractor - INFO - Processing batch 9 (81-90)
2026-01-16 14:56:02,645 - v5.step2_pau_extraction.extractor - INFO - Processing batch 10 (91-100)
2026-01-16 14:56:14,791 - v5.step2_pau_extraction.extractor - INFO - Processing batch 11 (101-110)
2026-01-16 14:56:51,145 - v5.step2_pau_extraction.extractor - INFO - Processing batch 12 (111-120)
2026-01-16 14:57:12,988 - v5.step2_pau_extraction.extractor - INFO - Processing batch 13 (121-130)
2026-01-16 14:57:38,603 - v5.step2_pau_extraction.extractor - INFO - Processing batch 14 (131-140)
2026-01-16 14:58:04,838 - v5.step2_pau_extraction.extractor - INFO - Processing batch 15 (141-150)
2026-01-16 14:58:30,266 - v5.step2_pau_extraction.extractor - INFO - Processing batch 16 (151-160)
2026-01-16 14:58:53,114 - v5.step2_pau_extraction.extractor - INFO - Processing batch 17 (161-170)
2026-01-16 14:59:42,728 - v5.step2_pau_extraction.extractor - INFO - Processing batch 18 (171-180)
2026-01-16 15:00:50,055 - v5.step2_pau_extraction.extractor - INFO - Processing batch 19 (181-190)
2026-01-16 15:01:59,293 - v5.step2_pau_extraction.extractor - INFO - Processing batch 20 (191-196)
2026-01-16 15:02:47,772 - v5.step2_pau_extraction.extractor - INFO - PAU extraction completed
2026-01-16 15:02:47,774 - __main__ - INFO - Step 3: Post-processing...
2026-01-16 15:02:47,791 - v5.step2_pau_extraction.postprocessor - WARNING - Failed to parse JSON from response
2026-01-16 15:02:47,793 - v5.step2_pau_extraction.postprocessor - WARNING - Failed to parse JSON from response
2026-01-16 15:02:47,794 - v5.step2_pau_extraction.postprocessor - WARNING - Failed to parse JSON from response
2026-01-16 15:02:47,794 - v5.step2_pau_extraction.postprocessor - WARNING - Failed to parse JSON from response
2026-01-16 15:02:47,795 - v5.step2_pau_extraction.postprocessor - WARNING - Failed to parse JSON from response
2026-01-16 15:02:47,796 - v5.step2_pau_extraction.postprocessor - WARNING - Failed to parse JSON from response
2026-01-16 15:02:47,796 - v5.step2_pau_extraction.postprocessor - WARNING - Failed to parse JSON from response
2026-01-16 15:02:47,814 - __main__ - INFO - Validation Report: {'total_records': 384, 'valid': 376, 'invalid': 1, 'failed': 7, 'success_rate': 0.9792}
2026-01-16 15:02:47,815 - __main__ - INFO - === PAU Extraction Completed ===
